GRAPH_TRAVERSAL,VARN,100,500,BFS,109
MEMORY,VARN,100,2  ,BFS,4052
GRAPH_TRAVERSAL,VARN,100,500,DFS_ITER,191
MEMORY,VARN,100,2  ,DFS_ITER,4028
GRAPH_TRAVERSAL,VARN,100,500,DFS_REC,110
MEMORY,VARN,100,2  ,DFS_REC,3944
GRAPH_TRAVERSAL,VARN,100,500,BFS,105
MEMORY,VARN,100,2  ,BFS,4188
GRAPH_TRAVERSAL,VARN,100,500,DFS_ITER,294
MEMORY,VARN,100,2  ,DFS_ITER,3928
GRAPH_TRAVERSAL,VARN,100,500,DFS_REC,158
MEMORY,VARN,100,2  ,DFS_REC,3956
GRAPH_TRAVERSAL,VARN,100,500,BFS,153
MEMORY,VARN,100,2  ,BFS,3956
GRAPH_TRAVERSAL,VARN,100,500,DFS_ITER,272
MEMORY,VARN,100,2  ,DFS_ITER,4096
GRAPH_TRAVERSAL,VARN,100,500,DFS_REC,131
MEMORY,VARN,100,2  ,DFS_REC,4028
GRAPH_TRAVERSAL,VARN,100,500,BFS,149
MEMORY,VARN,100,2  ,BFS,4044
GRAPH_TRAVERSAL,VARN,100,500,DFS_ITER,157
MEMORY,VARN,100,2  ,DFS_ITER,4028
GRAPH_TRAVERSAL,VARN,100,500,DFS_REC,82
MEMORY,VARN,100,2  ,DFS_REC,3900
GRAPH_TRAVERSAL,VARN,100,500,BFS,85
MEMORY,VARN,100,2  ,BFS,3900
GRAPH_TRAVERSAL,VARN,100,500,DFS_ITER,226
MEMORY,VARN,100,2  ,DFS_ITER,4176
GRAPH_TRAVERSAL,VARN,100,500,DFS_REC,109
MEMORY,VARN,100,2  ,DFS_REC,3900
GRAPH_TRAVERSAL,VARN,200,1000,BFS,203
MEMORY,VARN,200,2  ,BFS,4028
GRAPH_TRAVERSAL,VARN,200,1000,DFS_ITER,332
MEMORY,VARN,200,2  ,DFS_ITER,4184
GRAPH_TRAVERSAL,VARN,200,1000,DFS_REC,250
MEMORY,VARN,200,2  ,DFS_REC,4164
GRAPH_TRAVERSAL,VARN,200,1000,BFS,197
MEMORY,VARN,200,2  ,BFS,4156
GRAPH_TRAVERSAL,VARN,200,1000,DFS_ITER,371
MEMORY,VARN,200,2  ,DFS_ITER,4088
GRAPH_TRAVERSAL,VARN,200,1000,DFS_REC,187
MEMORY,VARN,200,2  ,DFS_REC,4092
GRAPH_TRAVERSAL,VARN,200,1000,BFS,184
MEMORY,VARN,200,2  ,BFS,4056
GRAPH_TRAVERSAL,VARN,200,1000,DFS_ITER,349
MEMORY,VARN,200,2  ,DFS_ITER,4028
GRAPH_TRAVERSAL,VARN,200,1000,DFS_REC,174
MEMORY,VARN,200,2  ,DFS_REC,4088
GRAPH_TRAVERSAL,VARN,200,1000,BFS,188
MEMORY,VARN,200,2  ,BFS,4092
GRAPH_TRAVERSAL,VARN,200,1000,DFS_ITER,349
MEMORY,VARN,200,2  ,DFS_ITER,4028
GRAPH_TRAVERSAL,VARN,200,1000,DFS_REC,207
MEMORY,VARN,200,2  ,DFS_REC,4024
GRAPH_TRAVERSAL,VARN,200,1000,BFS,194
MEMORY,VARN,200,2  ,BFS,4028
GRAPH_TRAVERSAL,VARN,200,1000,DFS_ITER,333
MEMORY,VARN,200,2  ,DFS_ITER,4064
GRAPH_TRAVERSAL,VARN,200,1000,DFS_REC,176
MEMORY,VARN,200,2  ,DFS_REC,4092
GRAPH_TRAVERSAL,VARN,400,2400,BFS,426
MEMORY,VARN,400,2  ,BFS,4212
GRAPH_TRAVERSAL,VARN,400,2400,DFS_ITER,779
MEMORY,VARN,400,2  ,DFS_ITER,4212
GRAPH_TRAVERSAL,VARN,400,2400,DFS_REC,388
MEMORY,VARN,400,2  ,DFS_REC,4156
GRAPH_TRAVERSAL,VARN,400,2400,BFS,375
MEMORY,VARN,400,2  ,BFS,4172
GRAPH_TRAVERSAL,VARN,400,2400,DFS_ITER,711
MEMORY,VARN,400,2  ,DFS_ITER,4156
GRAPH_TRAVERSAL,VARN,400,2400,DFS_REC,390
MEMORY,VARN,400,2  ,DFS_REC,4156
GRAPH_TRAVERSAL,VARN,400,2400,BFS,407
MEMORY,VARN,400,2  ,BFS,4156
GRAPH_TRAVERSAL,VARN,400,2400,DFS_ITER,718
MEMORY,VARN,400,2  ,DFS_ITER,4208
GRAPH_TRAVERSAL,VARN,400,2400,DFS_REC,408
MEMORY,VARN,400,2  ,DFS_REC,4156
GRAPH_TRAVERSAL,VARN,400,2400,BFS,423
MEMORY,VARN,400,2  ,BFS,4220
GRAPH_TRAVERSAL,VARN,400,2400,DFS_ITER,761
MEMORY,VARN,400,2  ,DFS_ITER,4220
GRAPH_TRAVERSAL,VARN,400,2400,DFS_REC,400
MEMORY,VARN,400,2  ,DFS_REC,4156
GRAPH_TRAVERSAL,VARN,400,2400,BFS,388
MEMORY,VARN,400,2  ,BFS,4224
GRAPH_TRAVERSAL,VARN,400,2400,DFS_ITER,717
MEMORY,VARN,400,2  ,DFS_ITER,4156
GRAPH_TRAVERSAL,VARN,400,2400,DFS_REC,384
MEMORY,VARN,400,2  ,DFS_REC,4156
GRAPH_TRAVERSAL,VARN,600,3600,BFS,620
MEMORY,VARN,600,2  ,BFS,4156
GRAPH_TRAVERSAL,VARN,600,3600,DFS_ITER,1054
MEMORY,VARN,600,2  ,DFS_ITER,4284
GRAPH_TRAVERSAL,VARN,600,3600,DFS_REC,600
MEMORY,VARN,600,2  ,DFS_REC,4348
GRAPH_TRAVERSAL,VARN,600,3600,BFS,592
MEMORY,VARN,600,2  ,BFS,4300
GRAPH_TRAVERSAL,VARN,600,3600,DFS_ITER,1086
MEMORY,VARN,600,2  ,DFS_ITER,4300
GRAPH_TRAVERSAL,VARN,600,3600,DFS_REC,602
MEMORY,VARN,600,2  ,DFS_REC,4284
GRAPH_TRAVERSAL,VARN,600,3600,BFS,643
MEMORY,VARN,600,2  ,BFS,4156
GRAPH_TRAVERSAL,VARN,600,3600,DFS_ITER,1196
MEMORY,VARN,600,2  ,DFS_ITER,4344
GRAPH_TRAVERSAL,VARN,600,3600,DFS_REC,598
MEMORY,VARN,600,2  ,DFS_REC,4420
GRAPH_TRAVERSAL,VARN,600,3600,BFS,554
MEMORY,VARN,600,2  ,BFS,4156
GRAPH_TRAVERSAL,VARN,600,3600,DFS_ITER,903
MEMORY,VARN,600,2  ,DFS_ITER,4216
GRAPH_TRAVERSAL,VARN,600,3600,DFS_REC,418
MEMORY,VARN,600,2  ,DFS_REC,4444
GRAPH_TRAVERSAL,VARN,600,3600,BFS,363
MEMORY,VARN,600,2  ,BFS,4284
GRAPH_TRAVERSAL,VARN,600,3600,DFS_ITER,654
MEMORY,VARN,600,2  ,DFS_ITER,4284
GRAPH_TRAVERSAL,VARN,600,3600,DFS_REC,353
MEMORY,VARN,600,2  ,DFS_REC,4344
GRAPH_TRAVERSAL,VARN,800,5600,BFS,537
MEMORY,VARN,800,2  ,BFS,4476
GRAPH_TRAVERSAL,VARN,800,5600,DFS_ITER,1120
MEMORY,VARN,800,2  ,DFS_ITER,4448
GRAPH_TRAVERSAL,VARN,800,5600,DFS_REC,536
MEMORY,VARN,800,2  ,DFS_REC,4412
GRAPH_TRAVERSAL,VARN,800,5600,BFS,593
MEMORY,VARN,800,2  ,BFS,4568
GRAPH_TRAVERSAL,VARN,800,5600,DFS_ITER,1079
MEMORY,VARN,800,2  ,DFS_ITER,4412
GRAPH_TRAVERSAL,VARN,800,5600,DFS_REC,520
MEMORY,VARN,800,2  ,DFS_REC,4464
GRAPH_TRAVERSAL,VARN,800,5600,BFS,532
MEMORY,VARN,800,2  ,BFS,4476
GRAPH_TRAVERSAL,VARN,800,5600,DFS_ITER,1078
MEMORY,VARN,800,2  ,DFS_ITER,4412
GRAPH_TRAVERSAL,VARN,800,5600,DFS_REC,849
MEMORY,VARN,800,2  ,DFS_REC,4480
GRAPH_TRAVERSAL,VARN,800,5600,BFS,919
MEMORY,VARN,800,2  ,BFS,4548
GRAPH_TRAVERSAL,VARN,800,5600,DFS_ITER,1880
MEMORY,VARN,800,2  ,DFS_ITER,4412
GRAPH_TRAVERSAL,VARN,800,5600,DFS_REC,824
MEMORY,VARN,800,2  ,DFS_REC,4556
GRAPH_TRAVERSAL,VARN,800,5600,BFS,656
MEMORY,VARN,800,2  ,BFS,4476
GRAPH_TRAVERSAL,VARN,800,5600,DFS_ITER,1079
MEMORY,VARN,800,2  ,DFS_ITER,4556
GRAPH_TRAVERSAL,VARN,800,5600,DFS_REC,859
MEMORY,VARN,800,2  ,DFS_REC,4476
GRAPH_TRAVERSAL,VARN,1000,7000,BFS,1126
MEMORY,VARN,1000,2  ,BFS,4464
GRAPH_TRAVERSAL,VARN,1000,7000,DFS_ITER,2198
MEMORY,VARN,1000,2  ,DFS_ITER,4596
GRAPH_TRAVERSAL,VARN,1000,7000,DFS_REC,1075
MEMORY,VARN,1000,2  ,DFS_REC,4696
GRAPH_TRAVERSAL,VARN,1000,7000,BFS,1042
MEMORY,VARN,1000,2  ,BFS,4464
GRAPH_TRAVERSAL,VARN,1000,7000,DFS_ITER,2074
MEMORY,VARN,1000,2  ,DFS_ITER,4540
GRAPH_TRAVERSAL,VARN,1000,7000,DFS_REC,1077
MEMORY,VARN,1000,2  ,DFS_REC,4540
GRAPH_TRAVERSAL,VARN,1000,7000,BFS,1087
MEMORY,VARN,1000,2  ,BFS,4412
GRAPH_TRAVERSAL,VARN,1000,7000,DFS_ITER,2224
MEMORY,VARN,1000,2  ,DFS_ITER,4608
GRAPH_TRAVERSAL,VARN,1000,7000,DFS_REC,1127
MEMORY,VARN,1000,2  ,DFS_REC,4688
GRAPH_TRAVERSAL,VARN,1000,7000,BFS,1050
MEMORY,VARN,1000,2  ,BFS,4412
GRAPH_TRAVERSAL,VARN,1000,7000,DFS_ITER,2075
MEMORY,VARN,1000,2  ,DFS_ITER,4540
GRAPH_TRAVERSAL,VARN,1000,7000,DFS_REC,1227
MEMORY,VARN,1000,2  ,DFS_REC,4596
GRAPH_TRAVERSAL,VARN,1000,7000,BFS,1124
MEMORY,VARN,1000,2  ,BFS,4412
GRAPH_TRAVERSAL,VARN,1000,7000,DFS_ITER,2096
MEMORY,VARN,1000,2  ,DFS_ITER,4604
GRAPH_TRAVERSAL,VARN,1000,7000,DFS_REC,788
MEMORY,VARN,1000,2  ,DFS_REC,4540
GRAPH_TRAVERSAL,VARN,100,500,BFS,148
MEMORY,VARN,100,2  ,BFS,4028
GRAPH_TRAVERSAL,VARN,100,500,DFS_ITER,181
MEMORY,VARN,100,2  ,DFS_ITER,4040
GRAPH_TRAVERSAL,VARN,100,500,DFS_REC,139
MEMORY,VARN,100,2  ,DFS_REC,3936
GRAPH_TRAVERSAL,VARN,100,500,BFS,140
MEMORY,VARN,100,2  ,BFS,3900
GRAPH_TRAVERSAL,VARN,100,500,DFS_ITER,217
MEMORY,VARN,100,2  ,DFS_ITER,4188
GRAPH_TRAVERSAL,VARN,100,500,DFS_REC,86
MEMORY,VARN,100,2  ,DFS_REC,4044
GRAPH_TRAVERSAL,VARN,100,500,BFS,92
MEMORY,VARN,100,2  ,BFS,3900
GRAPH_TRAVERSAL,VARN,100,500,DFS_ITER,215
MEMORY,VARN,100,2  ,DFS_ITER,3900
GRAPH_TRAVERSAL,VARN,100,500,DFS_REC,65
MEMORY,VARN,100,2  ,DFS_REC,3900
GRAPH_TRAVERSAL,VARN,100,500,BFS,60
MEMORY,VARN,100,2  ,BFS,3900
GRAPH_TRAVERSAL,VARN,100,500,DFS_ITER,180
MEMORY,VARN,100,2  ,DFS_ITER,4156
GRAPH_TRAVERSAL,VARN,100,500,DFS_REC,61
MEMORY,VARN,100,2  ,DFS_REC,4028
GRAPH_TRAVERSAL,VARN,100,500,BFS,58
MEMORY,VARN,100,2  ,BFS,3964
GRAPH_TRAVERSAL,VARN,100,500,DFS_ITER,105
MEMORY,VARN,100,2  ,DFS_ITER,4060
GRAPH_TRAVERSAL,VARN,100,500,DFS_REC,120
MEMORY,VARN,100,2  ,DFS_REC,4040
GRAPH_TRAVERSAL,VARN,200,1000,BFS,109
MEMORY,VARN,200,2  ,BFS,4188
GRAPH_TRAVERSAL,VARN,200,1000,DFS_ITER,236
MEMORY,VARN,200,2  ,DFS_ITER,4092
GRAPH_TRAVERSAL,VARN,200,1000,DFS_REC,116
MEMORY,VARN,200,2  ,DFS_REC,4080
GRAPH_TRAVERSAL,VARN,200,1000,BFS,119
MEMORY,VARN,200,2  ,BFS,4028
GRAPH_TRAVERSAL,VARN,200,1000,DFS_ITER,180
MEMORY,VARN,200,2  ,DFS_ITER,4028
GRAPH_TRAVERSAL,VARN,200,1000,DFS_REC,167
MEMORY,VARN,200,2  ,DFS_REC,4056
GRAPH_TRAVERSAL,VARN,200,1000,BFS,158
MEMORY,VARN,200,2  ,BFS,4092
GRAPH_TRAVERSAL,VARN,200,1000,DFS_ITER,322
MEMORY,VARN,200,2  ,DFS_ITER,4096
GRAPH_TRAVERSAL,VARN,200,1000,DFS_REC,186
MEMORY,VARN,200,2  ,DFS_REC,4064
GRAPH_TRAVERSAL,VARN,200,1000,BFS,188
MEMORY,VARN,200,2  ,BFS,4192
GRAPH_TRAVERSAL,VARN,200,1000,DFS_ITER,337
MEMORY,VARN,200,2  ,DFS_ITER,4028
GRAPH_TRAVERSAL,VARN,200,1000,DFS_REC,208
MEMORY,VARN,200,2  ,DFS_REC,4028
GRAPH_TRAVERSAL,VARN,200,1000,BFS,179
MEMORY,VARN,200,2  ,BFS,4172
GRAPH_TRAVERSAL,VARN,200,1000,DFS_ITER,333
MEMORY,VARN,200,2  ,DFS_ITER,4080
GRAPH_TRAVERSAL,VARN,200,1000,DFS_REC,179
MEMORY,VARN,200,2  ,DFS_REC,4072
GRAPH_TRAVERSAL,VARN,400,2400,BFS,447
MEMORY,VARN,400,2  ,BFS,4220
GRAPH_TRAVERSAL,VARN,400,2400,DFS_ITER,864
MEMORY,VARN,400,2  ,DFS_ITER,4224
GRAPH_TRAVERSAL,VARN,400,2400,DFS_REC,398
MEMORY,VARN,400,2  ,DFS_REC,4200
GRAPH_TRAVERSAL,VARN,400,2400,BFS,444
MEMORY,VARN,400,2  ,BFS,4312
GRAPH_TRAVERSAL,VARN,400,2400,DFS_ITER,821
MEMORY,VARN,400,2  ,DFS_ITER,4208
GRAPH_TRAVERSAL,VARN,400,2400,DFS_REC,410
MEMORY,VARN,400,2  ,DFS_REC,4292
GRAPH_TRAVERSAL,VARN,400,2400,BFS,391
MEMORY,VARN,400,2  ,BFS,4284
GRAPH_TRAVERSAL,VARN,400,2400,DFS_ITER,706
MEMORY,VARN,400,2  ,DFS_ITER,4300
GRAPH_TRAVERSAL,VARN,400,2400,DFS_REC,427
MEMORY,VARN,400,2  ,DFS_REC,4300
GRAPH_TRAVERSAL,VARN,400,2400,BFS,384
MEMORY,VARN,400,2  ,BFS,4156
GRAPH_TRAVERSAL,VARN,400,2400,DFS_ITER,697
MEMORY,VARN,400,2  ,DFS_ITER,4032
GRAPH_TRAVERSAL,VARN,400,2400,DFS_REC,386
MEMORY,VARN,400,2  ,DFS_REC,4156
GRAPH_TRAVERSAL,VARN,400,2400,BFS,410
MEMORY,VARN,400,2  ,BFS,4184
GRAPH_TRAVERSAL,VARN,400,2400,DFS_ITER,708
MEMORY,VARN,400,2  ,DFS_ITER,4224
GRAPH_TRAVERSAL,VARN,400,2400,DFS_REC,374
MEMORY,VARN,400,2  ,DFS_REC,4200
GRAPH_TRAVERSAL,VARN,600,3600,BFS,554
MEMORY,VARN,600,2  ,BFS,4208
GRAPH_TRAVERSAL,VARN,600,3600,DFS_ITER,1137
MEMORY,VARN,600,2  ,DFS_ITER,4348
GRAPH_TRAVERSAL,VARN,600,3600,DFS_REC,577
MEMORY,VARN,600,2  ,DFS_REC,4284
GRAPH_TRAVERSAL,VARN,600,3600,BFS,577
MEMORY,VARN,600,2  ,BFS,4156
GRAPH_TRAVERSAL,VARN,600,3600,DFS_ITER,1125
MEMORY,VARN,600,2  ,DFS_ITER,4432
GRAPH_TRAVERSAL,VARN,600,3600,DFS_REC,593
MEMORY,VARN,600,2  ,DFS_REC,4320
GRAPH_TRAVERSAL,VARN,600,3600,BFS,599
MEMORY,VARN,600,2  ,BFS,4288
GRAPH_TRAVERSAL,VARN,600,3600,DFS_ITER,1127
MEMORY,VARN,600,2  ,DFS_ITER,4284
GRAPH_TRAVERSAL,VARN,600,3600,DFS_REC,555
MEMORY,VARN,600,2  ,DFS_REC,4284
GRAPH_TRAVERSAL,VARN,600,3600,BFS,480
MEMORY,VARN,600,2  ,BFS,4208
GRAPH_TRAVERSAL,VARN,600,3600,DFS_ITER,867
MEMORY,VARN,600,2  ,DFS_ITER,4156
GRAPH_TRAVERSAL,VARN,600,3600,DFS_REC,376
MEMORY,VARN,600,2  ,DFS_REC,4424
GRAPH_TRAVERSAL,VARN,600,3600,BFS,356
MEMORY,VARN,600,2  ,BFS,4212
GRAPH_TRAVERSAL,VARN,600,3600,DFS_ITER,992
MEMORY,VARN,600,2  ,DFS_ITER,4412
GRAPH_TRAVERSAL,VARN,600,3600,DFS_REC,618
MEMORY,VARN,600,2  ,DFS_REC,4284
GRAPH_TRAVERSAL,VARN,800,5600,BFS,886
MEMORY,VARN,800,2  ,BFS,4576
GRAPH_TRAVERSAL,VARN,800,5600,DFS_ITER,1878
MEMORY,VARN,800,2  ,DFS_ITER,4568
GRAPH_TRAVERSAL,VARN,800,5600,DFS_REC,955
MEMORY,VARN,800,2  ,DFS_REC,4456
GRAPH_TRAVERSAL,VARN,800,5600,BFS,883
MEMORY,VARN,800,2  ,BFS,4572
GRAPH_TRAVERSAL,VARN,800,5600,DFS_ITER,1908
MEMORY,VARN,800,2  ,DFS_ITER,4408
GRAPH_TRAVERSAL,VARN,800,5600,DFS_REC,970
MEMORY,VARN,800,2  ,DFS_REC,4412
GRAPH_TRAVERSAL,VARN,800,5600,BFS,880
MEMORY,VARN,800,2  ,BFS,4564
GRAPH_TRAVERSAL,VARN,800,5600,DFS_ITER,1867
MEMORY,VARN,800,2  ,DFS_ITER,4472
GRAPH_TRAVERSAL,VARN,800,5600,DFS_REC,1135
MEMORY,VARN,800,2  ,DFS_REC,4464
GRAPH_TRAVERSAL,VARN,800,5600,BFS,904
MEMORY,VARN,800,2  ,BFS,4552
GRAPH_TRAVERSAL,VARN,800,5600,DFS_ITER,1626
MEMORY,VARN,800,2  ,DFS_ITER,4476
GRAPH_TRAVERSAL,VARN,800,5600,DFS_REC,638
MEMORY,VARN,800,2  ,DFS_REC,4568
GRAPH_TRAVERSAL,VARN,800,5600,BFS,890
MEMORY,VARN,800,2  ,BFS,4472
GRAPH_TRAVERSAL,VARN,800,5600,DFS_ITER,2004
MEMORY,VARN,800,2  ,DFS_ITER,4452
GRAPH_TRAVERSAL,VARN,800,5600,DFS_REC,963
MEMORY,VARN,800,2  ,DFS_REC,4540
GRAPH_TRAVERSAL,VARN,1000,7000,BFS,1242
MEMORY,VARN,1000,2  ,BFS,4412
GRAPH_TRAVERSAL,VARN,1000,7000,DFS_ITER,1697
MEMORY,VARN,1000,2  ,DFS_ITER,4540
GRAPH_TRAVERSAL,VARN,1000,7000,DFS_REC,705
MEMORY,VARN,1000,2  ,DFS_REC,4704
GRAPH_TRAVERSAL,VARN,1000,7000,BFS,658
MEMORY,VARN,1000,2  ,BFS,4456
GRAPH_TRAVERSAL,VARN,1000,7000,DFS_ITER,1259
MEMORY,VARN,1000,2  ,DFS_ITER,4548
GRAPH_TRAVERSAL,VARN,1000,7000,DFS_REC,859
MEMORY,VARN,1000,2  ,DFS_REC,4680
GRAPH_TRAVERSAL,VARN,1000,7000,BFS,670
MEMORY,VARN,1000,2  ,BFS,4468
GRAPH_TRAVERSAL,VARN,1000,7000,DFS_ITER,1280
MEMORY,VARN,1000,2  ,DFS_ITER,4596
GRAPH_TRAVERSAL,VARN,1000,7000,DFS_REC,648
MEMORY,VARN,1000,2  ,DFS_REC,4540
GRAPH_TRAVERSAL,VARN,1000,7000,BFS,677
MEMORY,VARN,1000,2  ,BFS,4468
GRAPH_TRAVERSAL,VARN,1000,7000,DFS_ITER,1360
MEMORY,VARN,1000,2  ,DFS_ITER,4540
GRAPH_TRAVERSAL,VARN,1000,7000,DFS_REC,1130
MEMORY,VARN,1000,2  ,DFS_REC,4592
GRAPH_TRAVERSAL,VARN,1000,7000,BFS,1191
MEMORY,VARN,1000,2  ,BFS,4412
GRAPH_TRAVERSAL,VARN,1000,7000,DFS_ITER,2176
MEMORY,VARN,1000,2  ,DFS_ITER,4604
GRAPH_TRAVERSAL,VARN,1000,7000,DFS_REC,1188
MEMORY,VARN,1000,2  ,DFS_REC,4584
