GRAPH_TRAVERSAL,VARM,200,400,BFS,5
MEMORY,VARM,200,400,BFS,3728
GRAPH_TRAVERSAL,VARM,200,400,DFS_ITER,11
MEMORY,VARM,200,400,DFS_ITER,3548
GRAPH_TRAVERSAL,VARM,200,400,DFS_REC,11
MEMORY,VARM,200,400,DFS_REC,3784
GRAPH_TRAVERSAL,VARM,200,400,BFS,6
MEMORY,VARM,200,400,BFS,3784
GRAPH_TRAVERSAL,VARM,200,400,DFS_ITER,7
MEMORY,VARM,200,400,DFS_ITER,3784
GRAPH_TRAVERSAL,VARM,200,400,DFS_REC,7
MEMORY,VARM,200,400,DFS_REC,3708
GRAPH_TRAVERSAL,VARM,200,400,BFS,5
MEMORY,VARM,200,400,BFS,3736
GRAPH_TRAVERSAL,VARM,200,400,DFS_ITER,12
MEMORY,VARM,200,400,DFS_ITER,3684
GRAPH_TRAVERSAL,VARM,200,400,DFS_REC,7
MEMORY,VARM,200,400,DFS_REC,3748
GRAPH_TRAVERSAL,VARM,200,400,BFS,5
MEMORY,VARM,200,400,BFS,3748
GRAPH_TRAVERSAL,VARM,200,400,DFS_ITER,7
MEMORY,VARM,200,400,DFS_ITER,3784
GRAPH_TRAVERSAL,VARM,200,400,DFS_REC,6
MEMORY,VARM,200,400,DFS_REC,3748
GRAPH_TRAVERSAL,VARM,200,400,BFS,5
MEMORY,VARM,200,400,BFS,3784
GRAPH_TRAVERSAL,VARM,200,400,DFS_ITER,7
MEMORY,VARM,200,400,DFS_ITER,3784
GRAPH_TRAVERSAL,VARM,200,400,DFS_REC,11
MEMORY,VARM,200,400,DFS_REC,3748
GRAPH_TRAVERSAL,VARM,200,800,BFS,16
MEMORY,VARM,200,800,BFS,3912
GRAPH_TRAVERSAL,VARM,200,800,DFS_ITER,16
MEMORY,VARM,200,800,DFS_ITER,3868
GRAPH_TRAVERSAL,VARM,200,800,DFS_REC,10
MEMORY,VARM,200,800,DFS_REC,3880
GRAPH_TRAVERSAL,VARM,200,800,BFS,6
MEMORY,VARM,200,800,BFS,3912
GRAPH_TRAVERSAL,VARM,200,800,DFS_ITER,11
MEMORY,VARM,200,800,DFS_ITER,3912
GRAPH_TRAVERSAL,VARM,200,800,DFS_REC,12
MEMORY,VARM,200,800,DFS_REC,3912
GRAPH_TRAVERSAL,VARM,200,800,BFS,6
MEMORY,VARM,200,800,BFS,3912
GRAPH_TRAVERSAL,VARM,200,800,DFS_ITER,44
MEMORY,VARM,200,800,DFS_ITER,3912
GRAPH_TRAVERSAL,VARM,200,800,DFS_REC,8
MEMORY,VARM,200,800,DFS_REC,3912
GRAPH_TRAVERSAL,VARM,200,800,BFS,12
MEMORY,VARM,200,800,BFS,3688
GRAPH_TRAVERSAL,VARM,200,800,DFS_ITER,15
MEMORY,VARM,200,800,DFS_ITER,3708
GRAPH_TRAVERSAL,VARM,200,800,DFS_REC,8
MEMORY,VARM,200,800,DFS_REC,3668
GRAPH_TRAVERSAL,VARM,200,800,BFS,7
MEMORY,VARM,200,800,BFS,3904
GRAPH_TRAVERSAL,VARM,200,800,DFS_ITER,12
MEMORY,VARM,200,800,DFS_ITER,3708
GRAPH_TRAVERSAL,VARM,200,800,DFS_REC,9
MEMORY,VARM,200,800,DFS_REC,3912
GRAPH_TRAVERSAL,VARM,200,1600,BFS,10
MEMORY,VARM,200,1600,BFS,3912
GRAPH_TRAVERSAL,VARM,200,1600,DFS_ITER,21
MEMORY,VARM,200,1600,DFS_ITER,3912
GRAPH_TRAVERSAL,VARM,200,1600,DFS_REC,11
MEMORY,VARM,200,1600,DFS_REC,3912
GRAPH_TRAVERSAL,VARM,200,1600,BFS,12
MEMORY,VARM,200,1600,BFS,3840
GRAPH_TRAVERSAL,VARM,200,1600,DFS_ITER,23
MEMORY,VARM,200,1600,DFS_ITER,3876
GRAPH_TRAVERSAL,VARM,200,1600,DFS_REC,16
MEMORY,VARM,200,1600,DFS_REC,3912
GRAPH_TRAVERSAL,VARM,200,1600,BFS,10
MEMORY,VARM,200,1600,BFS,3816
GRAPH_TRAVERSAL,VARM,200,1600,DFS_ITER,20
MEMORY,VARM,200,1600,DFS_ITER,3868
GRAPH_TRAVERSAL,VARM,200,1600,DFS_REC,11
MEMORY,VARM,200,1600,DFS_REC,3780
GRAPH_TRAVERSAL,VARM,200,1600,BFS,8
MEMORY,VARM,200,1600,BFS,3856
GRAPH_TRAVERSAL,VARM,200,1600,DFS_ITER,21
MEMORY,VARM,200,1600,DFS_ITER,3880
GRAPH_TRAVERSAL,VARM,200,1600,DFS_REC,12
MEMORY,VARM,200,1600,DFS_REC,3800
GRAPH_TRAVERSAL,VARM,200,1600,BFS,11
MEMORY,VARM,200,1600,BFS,3780
GRAPH_TRAVERSAL,VARM,200,1600,DFS_ITER,24
MEMORY,VARM,200,1600,DFS_ITER,3912
GRAPH_TRAVERSAL,VARM,200,1600,DFS_REC,11
MEMORY,VARM,200,1600,DFS_REC,3876
GRAPH_TRAVERSAL,VARM,200,3200,BFS,13
MEMORY,VARM,200,3200,BFS,4040
GRAPH_TRAVERSAL,VARM,200,3200,DFS_ITER,38
MEMORY,VARM,200,3200,DFS_ITER,3956
GRAPH_TRAVERSAL,VARM,200,3200,DFS_REC,15
MEMORY,VARM,200,3200,DFS_REC,4036
GRAPH_TRAVERSAL,VARM,200,3200,BFS,13
MEMORY,VARM,200,3200,BFS,4040
GRAPH_TRAVERSAL,VARM,200,3200,DFS_ITER,35
MEMORY,VARM,200,3200,DFS_ITER,4040
GRAPH_TRAVERSAL,VARM,200,3200,DFS_REC,25
MEMORY,VARM,200,3200,DFS_REC,3672
GRAPH_TRAVERSAL,VARM,200,3200,BFS,14
MEMORY,VARM,200,3200,BFS,3936
GRAPH_TRAVERSAL,VARM,200,3200,DFS_ITER,36
MEMORY,VARM,200,3200,DFS_ITER,4040
GRAPH_TRAVERSAL,VARM,200,3200,DFS_REC,16
MEMORY,VARM,200,3200,DFS_REC,3944
GRAPH_TRAVERSAL,VARM,200,3200,BFS,13
MEMORY,VARM,200,3200,BFS,4004
GRAPH_TRAVERSAL,VARM,200,3200,DFS_ITER,46
MEMORY,VARM,200,3200,DFS_ITER,3988
GRAPH_TRAVERSAL,VARM,200,3200,DFS_REC,16
MEMORY,VARM,200,3200,DFS_REC,4040
GRAPH_TRAVERSAL,VARM,200,3200,BFS,13
MEMORY,VARM,200,3200,BFS,3992
GRAPH_TRAVERSAL,VARM,200,3200,DFS_ITER,43
MEMORY,VARM,200,3200,DFS_ITER,3944
GRAPH_TRAVERSAL,VARM,200,3200,DFS_REC,17
MEMORY,VARM,200,3200,DFS_REC,3976
GRAPH_TRAVERSAL,VARM,200,6400,BFS,23
MEMORY,VARM,200,6400,BFS,4296
GRAPH_TRAVERSAL,VARM,200,6400,DFS_ITER,69
MEMORY,VARM,200,6400,DFS_ITER,4260
GRAPH_TRAVERSAL,VARM,200,6400,DFS_REC,39
MEMORY,VARM,200,6400,DFS_REC,4248
GRAPH_TRAVERSAL,VARM,200,6400,BFS,23
MEMORY,VARM,200,6400,BFS,4096
GRAPH_TRAVERSAL,VARM,200,6400,DFS_ITER,127
MEMORY,VARM,200,6400,DFS_ITER,4248
GRAPH_TRAVERSAL,VARM,200,6400,DFS_REC,32
MEMORY,VARM,200,6400,DFS_REC,4036
GRAPH_TRAVERSAL,VARM,200,6400,BFS,25
MEMORY,VARM,200,6400,BFS,4240
GRAPH_TRAVERSAL,VARM,200,6400,DFS_ITER,69
MEMORY,VARM,200,6400,DFS_ITER,4296
GRAPH_TRAVERSAL,VARM,200,6400,DFS_REC,25
MEMORY,VARM,200,6400,DFS_REC,4296
GRAPH_TRAVERSAL,VARM,200,6400,BFS,33
MEMORY,VARM,200,6400,BFS,4288
GRAPH_TRAVERSAL,VARM,200,6400,DFS_ITER,66
MEMORY,VARM,200,6400,DFS_ITER,4164
GRAPH_TRAVERSAL,VARM,200,6400,DFS_REC,51
MEMORY,VARM,200,6400,DFS_REC,4248
GRAPH_TRAVERSAL,VARM,200,6400,BFS,23
MEMORY,VARM,200,6400,BFS,4248
GRAPH_TRAVERSAL,VARM,200,6400,DFS_ITER,95
MEMORY,VARM,200,6400,DFS_ITER,4144
GRAPH_TRAVERSAL,VARM,200,6400,DFS_REC,27
MEMORY,VARM,200,6400,DFS_REC,4252
GRAPH_TRAVERSAL,VARM,200,400,BFS,5
MEMORY,VARM,200,400,BFS,3716
GRAPH_TRAVERSAL,VARM,200,400,DFS_ITER,7
MEMORY,VARM,200,400,DFS_ITER,3732
GRAPH_TRAVERSAL,VARM,200,400,DFS_REC,8
MEMORY,VARM,200,400,DFS_REC,3688
GRAPH_TRAVERSAL,VARM,200,400,BFS,6
MEMORY,VARM,200,400,BFS,3748
GRAPH_TRAVERSAL,VARM,200,400,DFS_ITER,8
MEMORY,VARM,200,400,DFS_ITER,3740
GRAPH_TRAVERSAL,VARM,200,400,DFS_REC,7
MEMORY,VARM,200,400,DFS_REC,3640
GRAPH_TRAVERSAL,VARM,200,400,BFS,6
MEMORY,VARM,200,400,BFS,3784
GRAPH_TRAVERSAL,VARM,200,400,DFS_ITER,7
MEMORY,VARM,200,400,DFS_ITER,3728
GRAPH_TRAVERSAL,VARM,200,400,DFS_REC,10
MEMORY,VARM,200,400,DFS_REC,3700
GRAPH_TRAVERSAL,VARM,200,400,BFS,12
MEMORY,VARM,200,400,BFS,3688
GRAPH_TRAVERSAL,VARM,200,400,DFS_ITER,7
MEMORY,VARM,200,400,DFS_ITER,3748
GRAPH_TRAVERSAL,VARM,200,400,DFS_REC,18
MEMORY,VARM,200,400,DFS_REC,3780
GRAPH_TRAVERSAL,VARM,200,400,BFS,5
MEMORY,VARM,200,400,BFS,3740
GRAPH_TRAVERSAL,VARM,200,400,DFS_ITER,8
MEMORY,VARM,200,400,DFS_ITER,3748
GRAPH_TRAVERSAL,VARM,200,400,DFS_REC,6
MEMORY,VARM,200,400,DFS_REC,3784
GRAPH_TRAVERSAL,VARM,200,800,BFS,7
MEMORY,VARM,200,800,BFS,3668
GRAPH_TRAVERSAL,VARM,200,800,DFS_ITER,13
MEMORY,VARM,200,800,DFS_ITER,3912
GRAPH_TRAVERSAL,VARM,200,800,DFS_REC,10
MEMORY,VARM,200,800,DFS_REC,3912
GRAPH_TRAVERSAL,VARM,200,800,BFS,6
MEMORY,VARM,200,800,BFS,3912
GRAPH_TRAVERSAL,VARM,200,800,DFS_ITER,11
MEMORY,VARM,200,800,DFS_ITER,3912
GRAPH_TRAVERSAL,VARM,200,800,DFS_REC,10
MEMORY,VARM,200,800,DFS_REC,3704
GRAPH_TRAVERSAL,VARM,200,800,BFS,6
MEMORY,VARM,200,800,BFS,3912
GRAPH_TRAVERSAL,VARM,200,800,DFS_ITER,11
MEMORY,VARM,200,800,DFS_ITER,3912
GRAPH_TRAVERSAL,VARM,200,800,DFS_REC,11
MEMORY,VARM,200,800,DFS_REC,3912
GRAPH_TRAVERSAL,VARM,200,800,BFS,7
MEMORY,VARM,200,800,BFS,3912
GRAPH_TRAVERSAL,VARM,200,800,DFS_ITER,10
MEMORY,VARM,200,800,DFS_ITER,3904
GRAPH_TRAVERSAL,VARM,200,800,DFS_REC,11
MEMORY,VARM,200,800,DFS_REC,3876
GRAPH_TRAVERSAL,VARM,200,800,BFS,7
MEMORY,VARM,200,800,BFS,3864
GRAPH_TRAVERSAL,VARM,200,800,DFS_ITER,12
MEMORY,VARM,200,800,DFS_ITER,3864
GRAPH_TRAVERSAL,VARM,200,800,DFS_REC,9
MEMORY,VARM,200,800,DFS_REC,3912
GRAPH_TRAVERSAL,VARM,200,1600,BFS,10
MEMORY,VARM,200,1600,BFS,3912
GRAPH_TRAVERSAL,VARM,200,1600,DFS_ITER,21
MEMORY,VARM,200,1600,DFS_ITER,3832
GRAPH_TRAVERSAL,VARM,200,1600,DFS_REC,19
MEMORY,VARM,200,1600,DFS_REC,3876
GRAPH_TRAVERSAL,VARM,200,1600,BFS,11
MEMORY,VARM,200,1600,BFS,3828
GRAPH_TRAVERSAL,VARM,200,1600,DFS_ITER,21
MEMORY,VARM,200,1600,DFS_ITER,3912
GRAPH_TRAVERSAL,VARM,200,1600,DFS_REC,12
MEMORY,VARM,200,1600,DFS_REC,3876
GRAPH_TRAVERSAL,VARM,200,1600,BFS,10
MEMORY,VARM,200,1600,BFS,3908
GRAPH_TRAVERSAL,VARM,200,1600,DFS_ITER,20
MEMORY,VARM,200,1600,DFS_ITER,3912
GRAPH_TRAVERSAL,VARM,200,1600,DFS_REC,12
MEMORY,VARM,200,1600,DFS_REC,3912
GRAPH_TRAVERSAL,VARM,200,1600,BFS,9
MEMORY,VARM,200,1600,BFS,3876
GRAPH_TRAVERSAL,VARM,200,1600,DFS_ITER,21
MEMORY,VARM,200,1600,DFS_ITER,3912
GRAPH_TRAVERSAL,VARM,200,1600,DFS_REC,24
MEMORY,VARM,200,1600,DFS_REC,3912
GRAPH_TRAVERSAL,VARM,200,1600,BFS,10
MEMORY,VARM,200,1600,BFS,3912
GRAPH_TRAVERSAL,VARM,200,1600,DFS_ITER,21
MEMORY,VARM,200,1600,DFS_ITER,3868
GRAPH_TRAVERSAL,VARM,200,1600,DFS_REC,31
MEMORY,VARM,200,1600,DFS_REC,3868
GRAPH_TRAVERSAL,VARM,200,3200,BFS,13
MEMORY,VARM,200,3200,BFS,4004
GRAPH_TRAVERSAL,VARM,200,3200,DFS_ITER,43
MEMORY,VARM,200,3200,DFS_ITER,3996
GRAPH_TRAVERSAL,VARM,200,3200,DFS_REC,16
MEMORY,VARM,200,3200,DFS_REC,3984
GRAPH_TRAVERSAL,VARM,200,3200,BFS,13
MEMORY,VARM,200,3200,BFS,4032
GRAPH_TRAVERSAL,VARM,200,3200,DFS_ITER,36
MEMORY,VARM,200,3200,DFS_ITER,4004
GRAPH_TRAVERSAL,VARM,200,3200,DFS_REC,25
MEMORY,VARM,200,3200,DFS_REC,4004
GRAPH_TRAVERSAL,VARM,200,3200,BFS,21
MEMORY,VARM,200,3200,BFS,4028
GRAPH_TRAVERSAL,VARM,200,3200,DFS_ITER,57
MEMORY,VARM,200,3200,DFS_ITER,4040
GRAPH_TRAVERSAL,VARM,200,3200,DFS_REC,17
MEMORY,VARM,200,3200,DFS_REC,4040
GRAPH_TRAVERSAL,VARM,200,3200,BFS,14
MEMORY,VARM,200,3200,BFS,4040
GRAPH_TRAVERSAL,VARM,200,3200,DFS_ITER,36
MEMORY,VARM,200,3200,DFS_ITER,4040
GRAPH_TRAVERSAL,VARM,200,3200,DFS_REC,17
MEMORY,VARM,200,3200,DFS_REC,4008
GRAPH_TRAVERSAL,VARM,200,3200,BFS,34
MEMORY,VARM,200,3200,BFS,3944
GRAPH_TRAVERSAL,VARM,200,3200,DFS_ITER,37
MEMORY,VARM,200,3200,DFS_ITER,3936
GRAPH_TRAVERSAL,VARM,200,3200,DFS_REC,17
MEMORY,VARM,200,3200,DFS_REC,4040
GRAPH_TRAVERSAL,VARM,200,6400,BFS,55
MEMORY,VARM,200,6400,BFS,4224
GRAPH_TRAVERSAL,VARM,200,6400,DFS_ITER,103
MEMORY,VARM,200,6400,DFS_ITER,4260
GRAPH_TRAVERSAL,VARM,200,6400,DFS_REC,26
MEMORY,VARM,200,6400,DFS_REC,4252
GRAPH_TRAVERSAL,VARM,200,6400,BFS,23
MEMORY,VARM,200,6400,BFS,4296
GRAPH_TRAVERSAL,VARM,200,6400,DFS_ITER,94
MEMORY,VARM,200,6400,DFS_ITER,4200
GRAPH_TRAVERSAL,VARM,200,6400,DFS_REC,27
MEMORY,VARM,200,6400,DFS_REC,4224
GRAPH_TRAVERSAL,VARM,200,6400,BFS,24
MEMORY,VARM,200,6400,BFS,4148
GRAPH_TRAVERSAL,VARM,200,6400,DFS_ITER,69
MEMORY,VARM,200,6400,DFS_ITER,4260
GRAPH_TRAVERSAL,VARM,200,6400,DFS_REC,25
MEMORY,VARM,200,6400,DFS_REC,4260
GRAPH_TRAVERSAL,VARM,200,6400,BFS,23
MEMORY,VARM,200,6400,BFS,4248
GRAPH_TRAVERSAL,VARM,200,6400,DFS_ITER,68
MEMORY,VARM,200,6400,DFS_ITER,4212
GRAPH_TRAVERSAL,VARM,200,6400,DFS_REC,32
MEMORY,VARM,200,6400,DFS_REC,4248
GRAPH_TRAVERSAL,VARM,200,6400,BFS,33
MEMORY,VARM,200,6400,BFS,4084
GRAPH_TRAVERSAL,VARM,200,6400,DFS_ITER,89
MEMORY,VARM,200,6400,DFS_ITER,4244
GRAPH_TRAVERSAL,VARM,200,6400,DFS_REC,70
MEMORY,VARM,200,6400,DFS_REC,4260
