SCC,VARM,100,500,ALGO1,24
MEMORY,VARM,100,500     ,ALGO1,3864
SCC,VARM,100,500,ALGO2,19
MEMORY,VARM,100,500     ,ALGO2,3748
SCC,VARM,100,500,ALGO3,30
MEMORY,VARM,100,500     ,ALGO3,3744
SCC,VARM,100,500,ALGO1,47
MEMORY,VARM,100,500     ,ALGO1,3876
SCC,VARM,100,500,ALGO2,27
MEMORY,VARM,100,500     ,ALGO2,3856
SCC,VARM,100,500,ALGO3,34
MEMORY,VARM,100,500     ,ALGO3,3876
SCC,VARM,100,500,ALGO1,24
MEMORY,VARM,100,500     ,ALGO1,3868
SCC,VARM,100,500,ALGO2,21
MEMORY,VARM,100,500     ,ALGO2,3748
SCC,VARM,100,500,ALGO3,24
MEMORY,VARM,100,500     ,ALGO3,3876
SCC,VARM,100,500,ALGO1,11
MEMORY,VARM,100,500     ,ALGO1,3876
SCC,VARM,100,500,ALGO2,9
MEMORY,VARM,100,500     ,ALGO2,3864
SCC,VARM,100,500,ALGO3,25
MEMORY,VARM,100,500     ,ALGO3,3864
SCC,VARM,100,500,ALGO1,31
MEMORY,VARM,100,500     ,ALGO1,3724
SCC,VARM,100,500,ALGO2,26
MEMORY,VARM,100,500     ,ALGO2,3748
SCC,VARM,100,500,ALGO3,23
MEMORY,VARM,100,500     ,ALGO3,3672
SCC,VARM,200,500,ALGO1,354
MEMORY,VARM,200,500     ,ALGO1,3876
SCC,VARM,200,500,ALGO2,407
MEMORY,VARM,200,500     ,ALGO2,3876
SCC,VARM,200,500,ALGO3,36
MEMORY,VARM,200,500     ,ALGO3,3648
SCC,VARM,200,500,ALGO1,430
MEMORY,VARM,200,500     ,ALGO1,3860
SCC,VARM,200,500,ALGO2,458
MEMORY,VARM,200,500     ,ALGO2,3876
SCC,VARM,200,500,ALGO3,43
MEMORY,VARM,200,500     ,ALGO3,3872
SCC,VARM,200,500,ALGO1,415
MEMORY,VARM,200,500     ,ALGO1,3876
SCC,VARM,200,500,ALGO2,497
MEMORY,VARM,200,500     ,ALGO2,3876
SCC,VARM,200,500,ALGO3,42
MEMORY,VARM,200,500     ,ALGO3,3876
SCC,VARM,200,500,ALGO1,746
MEMORY,VARM,200,500     ,ALGO1,3672
SCC,VARM,200,500,ALGO2,572
MEMORY,VARM,200,500     ,ALGO2,3852
SCC,VARM,200,500,ALGO3,34
MEMORY,VARM,200,500     ,ALGO3,3852
SCC,VARM,200,500,ALGO1,469
MEMORY,VARM,200,500     ,ALGO1,3648
SCC,VARM,200,500,ALGO2,718
MEMORY,VARM,200,500     ,ALGO2,3856
SCC,VARM,200,500,ALGO3,46
MEMORY,VARM,200,500     ,ALGO3,3876
SCC,VARM,400,500,ALGO1,727
MEMORY,VARM,400,500     ,ALGO1,3864
SCC,VARM,400,500,ALGO2,792
MEMORY,VARM,400,500     ,ALGO2,3856
SCC,VARM,400,500,ALGO3,48
MEMORY,VARM,400,500     ,ALGO3,3876
SCC,VARM,400,500,ALGO1,1194
MEMORY,VARM,400,500     ,ALGO1,3856
SCC,VARM,400,500,ALGO2,1565
MEMORY,VARM,400,500     ,ALGO2,3876
SCC,VARM,400,500,ALGO3,63
MEMORY,VARM,400,500     ,ALGO3,3860
SCC,VARM,400,500,ALGO1,643
MEMORY,VARM,400,500     ,ALGO1,3640
SCC,VARM,400,500,ALGO2,715
MEMORY,VARM,400,500     ,ALGO2,3876
SCC,VARM,400,500,ALGO3,50
MEMORY,VARM,400,500     ,ALGO3,3876
SCC,VARM,400,500,ALGO1,703
MEMORY,VARM,400,500     ,ALGO1,3876
SCC,VARM,400,500,ALGO2,844
MEMORY,VARM,400,500     ,ALGO2,3856
SCC,VARM,400,500,ALGO3,46
MEMORY,VARM,400,500     ,ALGO3,3876
SCC,VARM,400,500,ALGO1,634
MEMORY,VARM,400,500     ,ALGO1,3876
SCC,VARM,400,500,ALGO2,703
MEMORY,VARM,400,500     ,ALGO2,3876
SCC,VARM,400,500,ALGO3,47
MEMORY,VARM,400,500     ,ALGO3,3876
SCC,VARM,600,500,ALGO1,604
MEMORY,VARM,600,500     ,ALGO1,3856
SCC,VARM,600,500,ALGO2,641
MEMORY,VARM,600,500     ,ALGO2,3856
SCC,VARM,600,500,ALGO3,66
MEMORY,VARM,600,500     ,ALGO3,3876
SCC,VARM,600,500,ALGO1,584
MEMORY,VARM,600,500     ,ALGO1,3860
SCC,VARM,600,500,ALGO2,629
MEMORY,VARM,600,500     ,ALGO2,3876
SCC,VARM,600,500,ALGO3,66
MEMORY,VARM,600,500     ,ALGO3,3876
SCC,VARM,600,500,ALGO1,579
MEMORY,VARM,600,500     ,ALGO1,3876
SCC,VARM,600,500,ALGO2,618
MEMORY,VARM,600,500     ,ALGO2,3628
SCC,VARM,600,500,ALGO3,103
MEMORY,VARM,600,500     ,ALGO3,3652
SCC,VARM,600,500,ALGO1,640
MEMORY,VARM,600,500     ,ALGO1,3864
SCC,VARM,600,500,ALGO2,924
MEMORY,VARM,600,500     ,ALGO2,3852
SCC,VARM,600,500,ALGO3,64
MEMORY,VARM,600,500     ,ALGO3,3876
SCC,VARM,600,500,ALGO1,568
MEMORY,VARM,600,500     ,ALGO1,3872
SCC,VARM,600,500,ALGO2,609
MEMORY,VARM,600,500     ,ALGO2,3648
SCC,VARM,600,500,ALGO3,63
MEMORY,VARM,600,500     ,ALGO3,3864
SCC,VARM,800,500,ALGO1,864
MEMORY,VARM,800,500     ,ALGO1,3876
SCC,VARM,800,500,ALGO2,892
MEMORY,VARM,800,500     ,ALGO2,3852
SCC,VARM,800,500,ALGO3,73
MEMORY,VARM,800,500     ,ALGO3,3864
SCC,VARM,800,500,ALGO1,843
MEMORY,VARM,800,500     ,ALGO1,3876
SCC,VARM,800,500,ALGO2,870
MEMORY,VARM,800,500     ,ALGO2,3864
SCC,VARM,800,500,ALGO3,69
MEMORY,VARM,800,500     ,ALGO3,3872
SCC,VARM,800,500,ALGO1,853
MEMORY,VARM,800,500     ,ALGO1,3876
SCC,VARM,800,500,ALGO2,948
MEMORY,VARM,800,500     ,ALGO2,3864
SCC,VARM,800,500,ALGO3,71
MEMORY,VARM,800,500     ,ALGO3,3876
SCC,VARM,800,500,ALGO1,855
MEMORY,VARM,800,500     ,ALGO1,3876
SCC,VARM,800,500,ALGO2,881
MEMORY,VARM,800,500     ,ALGO2,3876
SCC,VARM,800,500,ALGO3,71
MEMORY,VARM,800,500     ,ALGO3,3876
SCC,VARM,800,500,ALGO1,832
MEMORY,VARM,800,500     ,ALGO1,3876
SCC,VARM,800,500,ALGO2,886
MEMORY,VARM,800,500     ,ALGO2,3876
SCC,VARM,800,500,ALGO3,77
MEMORY,VARM,800,500     ,ALGO3,3876
SCC,VARM,1000,500,ALGO1,1906
MEMORY,VARM,1000,500     ,ALGO1,3876
SCC,VARM,1000,500,ALGO2,1301
MEMORY,VARM,1000,500     ,ALGO2,3876
SCC,VARM,1000,500,ALGO3,96
MEMORY,VARM,1000,500     ,ALGO3,3768
SCC,VARM,1000,500,ALGO1,1218
MEMORY,VARM,1000,500     ,ALGO1,3872
SCC,VARM,1000,500,ALGO2,1312
MEMORY,VARM,1000,500     ,ALGO2,3864
SCC,VARM,1000,500,ALGO3,83
MEMORY,VARM,1000,500     ,ALGO3,3876
SCC,VARM,1000,500,ALGO1,1825
MEMORY,VARM,1000,500     ,ALGO1,3876
SCC,VARM,1000,500,ALGO2,1329
MEMORY,VARM,1000,500     ,ALGO2,3876
SCC,VARM,1000,500,ALGO3,90
MEMORY,VARM,1000,500     ,ALGO3,3864
SCC,VARM,1000,500,ALGO1,1232
MEMORY,VARM,1000,500     ,ALGO1,3876
SCC,VARM,1000,500,ALGO2,1318
MEMORY,VARM,1000,500     ,ALGO2,3876
SCC,VARM,1000,500,ALGO3,80
MEMORY,VARM,1000,500     ,ALGO3,3876
SCC,VARM,1000,500,ALGO1,1285
MEMORY,VARM,1000,500     ,ALGO1,3868
SCC,VARM,1000,500,ALGO2,1357
MEMORY,VARM,1000,500     ,ALGO2,3860
SCC,VARM,1000,500,ALGO3,82
MEMORY,VARM,1000,500     ,ALGO3,3776
SCC,VARM,100,500,ALGO1,33
MEMORY,VARM,100,500     ,ALGO1,3664
SCC,VARM,100,500,ALGO2,28
MEMORY,VARM,100,500     ,ALGO2,3652
SCC,VARM,100,500,ALGO3,23
MEMORY,VARM,100,500     ,ALGO3,3748
SCC,VARM,100,500,ALGO1,36
MEMORY,VARM,100,500     ,ALGO1,3876
SCC,VARM,100,500,ALGO2,28
MEMORY,VARM,100,500     ,ALGO2,3660
SCC,VARM,100,500,ALGO3,25
MEMORY,VARM,100,500     ,ALGO3,3876
SCC,VARM,100,500,ALGO1,25
MEMORY,VARM,100,500     ,ALGO1,3748
SCC,VARM,100,500,ALGO2,21
MEMORY,VARM,100,500     ,ALGO2,3876
SCC,VARM,100,500,ALGO3,24
MEMORY,VARM,100,500     ,ALGO3,3876
SCC,VARM,100,500,ALGO1,9
MEMORY,VARM,100,500     ,ALGO1,3852
SCC,VARM,100,500,ALGO2,7
MEMORY,VARM,100,500     ,ALGO2,3744
SCC,VARM,100,500,ALGO3,24
MEMORY,VARM,100,500     ,ALGO3,3876
SCC,VARM,100,500,ALGO1,32
MEMORY,VARM,100,500     ,ALGO1,3856
SCC,VARM,100,500,ALGO2,27
MEMORY,VARM,100,500     ,ALGO2,3748
SCC,VARM,100,500,ALGO3,26
MEMORY,VARM,100,500     ,ALGO3,3868
SCC,VARM,200,500,ALGO1,359
MEMORY,VARM,200,500     ,ALGO1,3876
SCC,VARM,200,500,ALGO2,427
MEMORY,VARM,200,500     ,ALGO2,3876
SCC,VARM,200,500,ALGO3,36
MEMORY,VARM,200,500     ,ALGO3,3856
SCC,VARM,200,500,ALGO1,415
MEMORY,VARM,200,500     ,ALGO1,3876
SCC,VARM,200,500,ALGO2,460
MEMORY,VARM,200,500     ,ALGO2,3876
SCC,VARM,200,500,ALGO3,37
MEMORY,VARM,200,500     ,ALGO3,3876
SCC,VARM,200,500,ALGO1,399
MEMORY,VARM,200,500     ,ALGO1,3876
SCC,VARM,200,500,ALGO2,483
MEMORY,VARM,200,500     ,ALGO2,3876
SCC,VARM,200,500,ALGO3,34
MEMORY,VARM,200,500     ,ALGO3,3876
SCC,VARM,200,500,ALGO1,475
MEMORY,VARM,200,500     ,ALGO1,3876
SCC,VARM,200,500,ALGO2,630
MEMORY,VARM,200,500     ,ALGO2,3872
SCC,VARM,200,500,ALGO3,36
MEMORY,VARM,200,500     ,ALGO3,3864
SCC,VARM,200,500,ALGO1,458
MEMORY,VARM,200,500     ,ALGO1,3876
SCC,VARM,200,500,ALGO2,632
MEMORY,VARM,200,500     ,ALGO2,3876
SCC,VARM,200,500,ALGO3,38
MEMORY,VARM,200,500     ,ALGO3,3860
SCC,VARM,400,500,ALGO1,713
MEMORY,VARM,400,500     ,ALGO1,3860
SCC,VARM,400,500,ALGO2,1150
MEMORY,VARM,400,500     ,ALGO2,3648
SCC,VARM,400,500,ALGO3,51
MEMORY,VARM,400,500     ,ALGO3,3876
SCC,VARM,400,500,ALGO1,1123
MEMORY,VARM,400,500     ,ALGO1,3876
SCC,VARM,400,500,ALGO2,1512
MEMORY,VARM,400,500     ,ALGO2,3868
SCC,VARM,400,500,ALGO3,51
MEMORY,VARM,400,500     ,ALGO3,3876
SCC,VARM,400,500,ALGO1,624
MEMORY,VARM,400,500     ,ALGO1,3876
SCC,VARM,400,500,ALGO2,697
MEMORY,VARM,400,500     ,ALGO2,3876
SCC,VARM,400,500,ALGO3,48
MEMORY,VARM,400,500     ,ALGO3,3876
SCC,VARM,400,500,ALGO1,697
MEMORY,VARM,400,500     ,ALGO1,3672
SCC,VARM,400,500,ALGO2,823
MEMORY,VARM,400,500     ,ALGO2,3876
SCC,VARM,400,500,ALGO3,47
MEMORY,VARM,400,500     ,ALGO3,3864
SCC,VARM,400,500,ALGO1,608
MEMORY,VARM,400,500     ,ALGO1,3872
SCC,VARM,400,500,ALGO2,731
MEMORY,VARM,400,500     ,ALGO2,3876
SCC,VARM,400,500,ALGO3,49
MEMORY,VARM,400,500     ,ALGO3,3864
SCC,VARM,600,500,ALGO1,588
MEMORY,VARM,600,500     ,ALGO1,3864
SCC,VARM,600,500,ALGO2,618
MEMORY,VARM,600,500     ,ALGO2,3876
SCC,VARM,600,500,ALGO3,69
MEMORY,VARM,600,500     ,ALGO3,3876
SCC,VARM,600,500,ALGO1,604
MEMORY,VARM,600,500     ,ALGO1,3876
SCC,VARM,600,500,ALGO2,660
MEMORY,VARM,600,500     ,ALGO2,3876
SCC,VARM,600,500,ALGO3,65
MEMORY,VARM,600,500     ,ALGO3,3856
SCC,VARM,600,500,ALGO1,630
MEMORY,VARM,600,500     ,ALGO1,3876
SCC,VARM,600,500,ALGO2,588
MEMORY,VARM,600,500     ,ALGO2,3856
SCC,VARM,600,500,ALGO3,62
MEMORY,VARM,600,500     ,ALGO3,3872
SCC,VARM,600,500,ALGO1,634
MEMORY,VARM,600,500     ,ALGO1,3864
SCC,VARM,600,500,ALGO2,695
MEMORY,VARM,600,500     ,ALGO2,3860
SCC,VARM,600,500,ALGO3,64
MEMORY,VARM,600,500     ,ALGO3,3876
SCC,VARM,600,500,ALGO1,576
MEMORY,VARM,600,500     ,ALGO1,3876
SCC,VARM,600,500,ALGO2,626
MEMORY,VARM,600,500     ,ALGO2,3852
SCC,VARM,600,500,ALGO3,62
MEMORY,VARM,600,500     ,ALGO3,3864
SCC,VARM,800,500,ALGO1,849
MEMORY,VARM,800,500     ,ALGO1,3872
SCC,VARM,800,500,ALGO2,911
MEMORY,VARM,800,500     ,ALGO2,3876
SCC,VARM,800,500,ALGO3,73
MEMORY,VARM,800,500     ,ALGO3,3864
SCC,VARM,800,500,ALGO1,902
MEMORY,VARM,800,500     ,ALGO1,3872
SCC,VARM,800,500,ALGO2,924
MEMORY,VARM,800,500     ,ALGO2,3876
SCC,VARM,800,500,ALGO3,74
MEMORY,VARM,800,500     ,ALGO3,3756
SCC,VARM,800,500,ALGO1,853
MEMORY,VARM,800,500     ,ALGO1,3876
SCC,VARM,800,500,ALGO2,908
MEMORY,VARM,800,500     ,ALGO2,3876
SCC,VARM,800,500,ALGO3,75
MEMORY,VARM,800,500     ,ALGO3,3876
SCC,VARM,800,500,ALGO1,826
MEMORY,VARM,800,500     ,ALGO1,3860
SCC,VARM,800,500,ALGO2,920
MEMORY,VARM,800,500     ,ALGO2,3876
SCC,VARM,800,500,ALGO3,77
MEMORY,VARM,800,500     ,ALGO3,3876
SCC,VARM,800,500,ALGO1,861
MEMORY,VARM,800,500     ,ALGO1,3872
SCC,VARM,800,500,ALGO2,917
MEMORY,VARM,800,500     ,ALGO2,3876
SCC,VARM,800,500,ALGO3,72
MEMORY,VARM,800,500     ,ALGO3,3852
SCC,VARM,1000,500,ALGO1,1240
MEMORY,VARM,1000,500     ,ALGO1,3856
SCC,VARM,1000,500,ALGO2,1350
MEMORY,VARM,1000,500     ,ALGO2,3876
SCC,VARM,1000,500,ALGO3,185
MEMORY,VARM,1000,500     ,ALGO3,3876
SCC,VARM,1000,500,ALGO1,1271
MEMORY,VARM,1000,500     ,ALGO1,3876
SCC,VARM,1000,500,ALGO2,1342
MEMORY,VARM,1000,500     ,ALGO2,3876
SCC,VARM,1000,500,ALGO3,85
MEMORY,VARM,1000,500     ,ALGO3,3868
SCC,VARM,1000,500,ALGO1,1236
MEMORY,VARM,1000,500     ,ALGO1,3876
SCC,VARM,1000,500,ALGO2,1301
MEMORY,VARM,1000,500     ,ALGO2,3868
SCC,VARM,1000,500,ALGO3,88
MEMORY,VARM,1000,500     ,ALGO3,3876
SCC,VARM,1000,500,ALGO1,1204
MEMORY,VARM,1000,500     ,ALGO1,3876
SCC,VARM,1000,500,ALGO2,1264
MEMORY,VARM,1000,500     ,ALGO2,3876
SCC,VARM,1000,500,ALGO3,79
MEMORY,VARM,1000,500     ,ALGO3,3876
SCC,VARM,1000,500,ALGO1,1193
MEMORY,VARM,1000,500     ,ALGO1,3876
SCC,VARM,1000,500,ALGO2,1269
MEMORY,VARM,1000,500     ,ALGO2,3876
SCC,VARM,1000,500,ALGO3,84
MEMORY,VARM,1000,500     ,ALGO3,3868
